<?xml version="1.0" encoding="UTF-8"?>
<testsuite name="com.elice.meetstudy.MeetstudyApplicationTests" tests="1" skipped="0" failures="0" errors="0" timestamp="2024-05-27T17:45:20" hostname="ihayeong-ui-MacBookPro.local" time="0.287">
  <properties/>
  <testcase name="contextLoads()" classname="com.elice.meetstudy.MeetstudyApplicationTests" time="0.287"/>
  <system-out><![CDATA[02:45:17.477 [Test worker] INFO org.springframework.test.context.support.AnnotationConfigContextLoaderUtils -- Could not detect default configuration classes for test class [com.elice.meetstudy.MeetstudyApplicationTests]: MeetstudyApplicationTests does not declare any static, non-private, non-final, nested classes annotated with @Configuration.
02:45:17.528 [Test worker] INFO org.springframework.boot.test.context.SpringBootTestContextBootstrapper -- Found @SpringBootConfiguration com.elice.meetstudy.MeetstudyApplication for test class com.elice.meetstudy.MeetstudyApplicationTests

  .   ____          _            __ _ _
 /\\ / ___'_ __ _ _(_)_ __  __ _ \ \ \ \
( ( )\___ | '_ | '_| | '_ \/ _` | \ \ \ \
 \\/  ___)| |_)| | | | | || (_| |  ) ) ) )
  '  |____| .__|_| |_|_| |_\__, | / / / /
 =========|_|==============|___/=/_/_/_/
?[32m :: Spring Boot :: ?[39m              ?[2m (v3.2.5)?[0;39m

?[2m2024-05-28T02:45:17.720+09:00?[0;39m ?[33m WARN?[0;39m ?[35m11510?[0;39m ?[2m---?[0;39m ?[2m[meetstudy] [    Test worker]?[0;39m ?[2m?[0;39m?[36mory$DuplicateJsonObjectContextCustomizer?[0;39m ?[2m:?[0;39m 

Found multiple occurrences of org.json.JSONObject on the class path:

	jar:file:/Users/ihayeong/.gradle/caches/modules-2/files-2.1/org.json/json/20210307/528c8df3757e8bcf151817b1d7b9b434f6aa08d5/json-20210307.jar!/org/json/JSONObject.class
	jar:file:/Users/ihayeong/.gradle/caches/modules-2/files-2.1/com.vaadin.external.google/android-json/0.0.20131108.vaadin1/fa26d351fe62a6a17f5cda1287c1c6110dec413f/android-json-0.0.20131108.vaadin1.jar!/org/json/JSONObject.class

You may wish to exclude one of them to ensure predictable runtime behavior

?[2m2024-05-28T02:45:17.735+09:00?[0;39m ?[32m INFO?[0;39m ?[35m11510?[0;39m ?[2m---?[0;39m ?[2m[meetstudy] [    Test worker]?[0;39m ?[2m?[0;39m?[36mc.e.meetstudy.MeetstudyApplicationTests ?[0;39m ?[2m:?[0;39m Starting MeetstudyApplicationTests using Java 17.0.9 with PID 11510 (started by ihayeong in /Users/ihayeong/InteliJ-workspace/meetstudy)
?[2m2024-05-28T02:45:17.736+09:00?[0;39m ?[32m INFO?[0;39m ?[35m11510?[0;39m ?[2m---?[0;39m ?[2m[meetstudy] [    Test worker]?[0;39m ?[2m?[0;39m?[36mc.e.meetstudy.MeetstudyApplicationTests ?[0;39m ?[2m:?[0;39m No active profile set, falling back to 1 default profile: "default"
?[2m2024-05-28T02:45:18.096+09:00?[0;39m ?[32m INFO?[0;39m ?[35m11510?[0;39m ?[2m---?[0;39m ?[2m[meetstudy] [    Test worker]?[0;39m ?[2m?[0;39m?[36m.s.d.r.c.RepositoryConfigurationDelegate?[0;39m ?[2m:?[0;39m Bootstrapping Spring Data JPA repositories in DEFAULT mode.
?[2m2024-05-28T02:45:18.122+09:00?[0;39m ?[32m INFO?[0;39m ?[35m11510?[0;39m ?[2m---?[0;39m ?[2m[meetstudy] [    Test worker]?[0;39m ?[2m?[0;39m?[36m.s.d.r.c.RepositoryConfigurationDelegate?[0;39m ?[2m:?[0;39m Finished Spring Data repository scanning in 23 ms. Found 4 JPA repository interfaces.
?[2m2024-05-28T02:45:18.341+09:00?[0;39m ?[32m INFO?[0;39m ?[35m11510?[0;39m ?[2m---?[0;39m ?[2m[meetstudy] [    Test worker]?[0;39m ?[2m?[0;39m?[36mo.hibernate.jpa.internal.util.LogHelper ?[0;39m ?[2m:?[0;39m HHH000204: Processing PersistenceUnitInfo [name: default]
?[2m2024-05-28T02:45:18.364+09:00?[0;39m ?[32m INFO?[0;39m ?[35m11510?[0;39m ?[2m---?[0;39m ?[2m[meetstudy] [    Test worker]?[0;39m ?[2m?[0;39m?[36morg.hibernate.Version                   ?[0;39m ?[2m:?[0;39m HHH000412: Hibernate ORM core version 6.4.4.Final
?[2m2024-05-28T02:45:18.376+09:00?[0;39m ?[32m INFO?[0;39m ?[35m11510?[0;39m ?[2m---?[0;39m ?[2m[meetstudy] [    Test worker]?[0;39m ?[2m?[0;39m?[36mo.h.c.internal.RegionFactoryInitiator   ?[0;39m ?[2m:?[0;39m HHH000026: Second-level cache disabled
?[2m2024-05-28T02:45:18.479+09:00?[0;39m ?[32m INFO?[0;39m ?[35m11510?[0;39m ?[2m---?[0;39m ?[2m[meetstudy] [    Test worker]?[0;39m ?[2m?[0;39m?[36mo.s.o.j.p.SpringPersistenceUnitInfo     ?[0;39m ?[2m:?[0;39m No LoadTimeWeaver setup: ignoring JPA class transformer
?[2m2024-05-28T02:45:18.489+09:00?[0;39m ?[32m INFO?[0;39m ?[35m11510?[0;39m ?[2m---?[0;39m ?[2m[meetstudy] [    Test worker]?[0;39m ?[2m?[0;39m?[36mcom.zaxxer.hikari.HikariDataSource      ?[0;39m ?[2m:?[0;39m HikariPool-1 - Starting...
?[2m2024-05-28T02:45:18.687+09:00?[0;39m ?[32m INFO?[0;39m ?[35m11510?[0;39m ?[2m---?[0;39m ?[2m[meetstudy] [    Test worker]?[0;39m ?[2m?[0;39m?[36mcom.zaxxer.hikari.pool.HikariPool       ?[0;39m ?[2m:?[0;39m HikariPool-1 - Added connection com.mysql.cj.jdbc.ConnectionImpl@1b317e7d
?[2m2024-05-28T02:45:18.688+09:00?[0;39m ?[32m INFO?[0;39m ?[35m11510?[0;39m ?[2m---?[0;39m ?[2m[meetstudy] [    Test worker]?[0;39m ?[2m?[0;39m?[36mcom.zaxxer.hikari.HikariDataSource      ?[0;39m ?[2m:?[0;39m HikariPool-1 - Start completed.
?[2m2024-05-28T02:45:19.161+09:00?[0;39m ?[32m INFO?[0;39m ?[35m11510?[0;39m ?[2m---?[0;39m ?[2m[meetstudy] [    Test worker]?[0;39m ?[2m?[0;39m?[36mo.h.e.t.j.p.i.JtaPlatformInitiator      ?[0;39m ?[2m:?[0;39m HHH000489: No JTA platform available (set 'hibernate.transaction.jta.platform' to enable JTA platform integration)
?[2m2024-05-28T02:45:19.268+09:00?[0;39m ?[32m INFO?[0;39m ?[35m11510?[0;39m ?[2m---?[0;39m ?[2m[meetstudy] [    Test worker]?[0;39m ?[2m?[0;39m?[36mj.LocalContainerEntityManagerFactoryBean?[0;39m ?[2m:?[0;39m Initialized JPA EntityManagerFactory for persistence unit 'default'
?[2m2024-05-28T02:45:19.420+09:00?[0;39m ?[32m INFO?[0;39m ?[35m11510?[0;39m ?[2m---?[0;39m ?[2m[meetstudy] [    Test worker]?[0;39m ?[2m?[0;39m?[36mo.s.d.j.r.query.QueryEnhancerFactory    ?[0;39m ?[2m:?[0;39m Hibernate is in classpath; If applicable, HQL parser will be used.
?[2m2024-05-28T02:45:19.724+09:00?[0;39m ?[33m WARN?[0;39m ?[35m11510?[0;39m ?[2m---?[0;39m ?[2m[meetstudy] [    Test worker]?[0;39m ?[2m?[0;39m?[36mJpaBaseConfiguration$JpaWebConfiguration?[0;39m ?[2m:?[0;39m spring.jpa.open-in-view is enabled by default. Therefore, database queries may be performed during view rendering. Explicitly configure spring.jpa.open-in-view to disable this warning
?[2m2024-05-28T02:45:20.488+09:00?[0;39m ?[32m INFO?[0;39m ?[35m11510?[0;39m ?[2m---?[0;39m ?[2m[meetstudy] [    Test worker]?[0;39m ?[2m?[0;39m?[36mo.s.s.web.DefaultSecurityFilterChain    ?[0;39m ?[2m:?[0;39m Will secure any request with [org.springframework.security.web.session.DisableEncodeUrlFilter@1b2092fe, org.springframework.security.web.context.request.async.WebAsyncManagerIntegrationFilter@5047fc77, org.springframework.security.web.context.SecurityContextHolderFilter@3052ce36, org.springframework.security.web.header.HeaderWriterFilter@59f0f273, org.springframework.web.filter.CorsFilter@b8d8fb7, org.springframework.security.web.authentication.logout.LogoutFilter@6066cf5, org.springframework.security.web.savedrequest.RequestCacheAwareFilter@58435220, org.springframework.security.web.servletapi.SecurityContextHolderAwareRequestFilter@15c0c274, org.springframework.security.web.authentication.AnonymousAuthenticationFilter@38913b95, org.springframework.security.web.access.ExceptionTranslationFilter@f083345, org.springframework.security.web.access.intercept.FilterSecurityInterceptor@1b0964cf]
?[2m2024-05-28T02:45:20.671+09:00?[0;39m ?[32m INFO?[0;39m ?[35m11510?[0;39m ?[2m---?[0;39m ?[2m[meetstudy] [    Test worker]?[0;39m ?[2m?[0;39m?[36mc.e.meetstudy.MeetstudyApplicationTests ?[0;39m ?[2m:?[0;39m Started MeetstudyApplicationTests in 3.074 seconds (process running for 3.629)
]]></system-out>
  <system-err><![CDATA[]]></system-err>
</testsuite>
